<?xml version="1.0" encoding="utf-8"?><testsuites name="pytest tests"><testsuite name="pytest" errors="0" failures="0" skipped="0" tests="73" time="3.134" timestamp="2026-09-17T00:21:33.595656+05:30" hostname="local-windows"><testcase classname="tests.test_cli" name="test_cli_demo_and_review" time="0.080" /><testcase classname="tests.test_cli" name="test_cli_happy_only_holds" time="0.032" /><testcase classname="tests.test_core" name="test_guarded_matches_independent_oracle[normal-a]" time="0.010" /><testcase classname="tests.test_core" name="test_guarded_matches_independent_oracle[normal-b]" time="0.009" /><testcase classname="tests.test_core" name="test_guarded_matches_independent_oracle[erp-unavailable]" time="0.009" /><testcase classname="tests.test_core" name="test_guarded_matches_independent_oracle[crm-unavailable]" time="0.009" /><testcase classname="tests.test_core" name="test_guarded_matches_independent_oracle[record-missing]" time="0.009" /><testcase classname="tests.test_core" name="test_guarded_matches_independent_oracle[stale-snapshot]" time="0.009" /><testcase classname="tests.test_core" name="test_guarded_matches_independent_oracle[mismatched-order]" time="0.010" /><testcase classname="tests.test_core" name="test_guarded_matches_independent_oracle[high-impact]" time="0.009" /><testcase classname="tests.test_core" name="test_guarded_matches_independent_oracle[duplicate-event]" time="0.009" /><testcase classname="tests.test_core" name="test_guarded_matches_independent_oracle[foreign-tenant]" time="0.010" /><testcase classname="tests.test_core" name="test_guarded_matches_independent_oracle[missing-owner]" time="0.009" /><testcase classname="tests.test_core" name="test_guarded_matches_independent_oracle[untrusted-note]" time="0.010" /><testcase classname="tests.test_core" name="test_guarded_matches_independent_oracle[slow-dependency]" time="0.009" /><testcase classname="tests.test_core" name="test_foreign_scope_checked_before_read" time="0.009" /><testcase classname="tests.test_core" name="test_end_to_end_reference[guarded-complete-PENDING_REVIEW-1]" time="0.027" /><testcase classname="tests.test_core" name="test_end_to_end_reference[optimistic-complete-BLOCKED-1]" time="0.026" /><testcase classname="tests.test_core" name="test_end_to_end_reference[guarded-happy-only-HOLD-0.08333333333333333]" time="0.014" /><testcase classname="tests.test_core" name="test_end_to_end_reference[optimistic-happy-only-HOLD-0.08333333333333333]" time="0.015" /><testcase classname="tests.test_core" name="test_case_budget_is_hard[1]" time="0.014" /><testcase classname="tests.test_core" name="test_case_budget_is_hard[2]" time="0.016" /><testcase classname="tests.test_core" name="test_case_budget_is_hard[4]" time="0.015" /><testcase classname="tests.test_core" name="test_case_budget_is_hard[7]" time="0.020" /><testcase classname="tests.test_core" name="test_case_budget_is_hard[12]" time="0.022" /><testcase classname="tests.test_core" name="test_case_budget_is_hard[13]" time="0.028" /><testcase classname="tests.test_core" name="test_case_budget_is_hard[30]" time="0.027" /><testcase classname="tests.test_core" name="test_round_budget" time="0.015" /><testcase classname="tests.test_core" name="test_duplicate_witnesses_do_not_inflate_coverage" time="0.016" /><testcase classname="tests.test_core" name="test_stale_or_unbound_witness_blocks[contract_digest-bad]" time="0.012" /><testcase classname="tests.test_core" name="test_stale_or_unbound_witness_blocks[scenario_digest-bad]" time="0.012" /><testcase classname="tests.test_core" name="test_stale_or_unbound_witness_blocks[target_version-old]" time="0.011" /><testcase classname="tests.test_core" name="test_stale_or_unbound_witness_blocks[run_id-other]" time="0.012" /><testcase classname="tests.test_core" name="test_stale_or_unbound_witness_blocks[id-tampered]" time="0.011" /><testcase classname="tests.test_core" name="test_stale_or_unbound_witness_blocks[slice-other]" time="0.012" /><testcase classname="tests.test_core" name="test_stale_or_unbound_witness_blocks[obligation_id-R-99]" time="0.011" /><testcase classname="tests.test_core" name="test_outcome_tampering_rejected" time="0.011" /><testcase classname="tests.test_core" name="test_hash_does_not_make_forged_evaluator_trustworthy" time="0.011" /><testcase classname="tests.test_core" name="test_empty_is_hold_not_pass" time="0.009" /><testcase classname="tests.test_core" name="test_invalid_catalog_fails[duplicate]" time="0.011" /><testcase classname="tests.test_core" name="test_invalid_catalog_fails[unknown_field]" time="0.011" /><testcase classname="tests.test_core" name="test_invalid_catalog_fails[undeclared]" time="0.010" /><testcase classname="tests.test_core" name="test_invalid_catalog_fails[missing]" time="0.010" /><testcase classname="tests.test_core" name="test_request_bounds[kwargs0]" time="0.001" /><testcase classname="tests.test_core" name="test_request_bounds[kwargs1]" time="0.001" /><testcase classname="tests.test_core" name="test_request_bounds[kwargs2]" time="0.001" /><testcase classname="tests.test_core" name="test_request_bounds[kwargs3]" time="0.001" /><testcase classname="tests.test_core" name="test_request_bounds[kwargs4]" time="0.001" /><testcase classname="tests.test_core" name="test_plan_compiler_bounds_authority" time="0.009" /><testcase classname="tests.test_core" name="test_optional_bedrock_serialization_not_live" time="0.009" /><testcase classname="tests.test_core" name="test_bad_model_output_not_silently_repaired" time="0.010" /><testcase classname="tests.test_langgraph_integration" name="test_interrupt_and_resume_across_connections" time="0.421" /><testcase classname="tests.test_langgraph_integration" name="test_incomplete_does_not_reach_approval" time="0.047" /><testcase classname="tests.test_langgraph_integration" name="test_failed_run_terminates_without_review" time="0.082" /><testcase classname="tests.test_storage_api" name="test_idempotent_create_and_restart" time="0.047" /><testcase classname="tests.test_storage_api" name="test_tenant_scoped_idempotency_and_reads" time="0.074" /><testcase classname="tests.test_storage_api" name="test_review_and_no_double_review[approve-APPROVED]" time="0.049" /><testcase classname="tests.test_storage_api" name="test_review_and_no_double_review[reject-REJECTED]" time="0.048" /><testcase classname="tests.test_storage_api" name="test_stale_digest_denied" time="0.043" /><testcase classname="tests.test_storage_api" name="test_modified_evidence_denied" time="0.048" /><testcase classname="tests.test_storage_api" name="test_incomplete_cannot_be_approved" time="0.029" /><testcase classname="tests.test_storage_api" name="test_concurrent_admission_returns_one_run" time="0.085" /><testcase classname="tests.test_storage_api" name="test_concurrent_review_has_one_winner" time="0.049" /><testcase classname="tests.test_storage_api" name="test_auth_required[/v1/runs]" time="0.033" /><testcase classname="tests.test_storage_api" name="test_auth_required[/v1/runs/not-found]" time="0.020" /><testcase classname="tests.test_storage_api" name="test_unconfigured_auth_fails_closed" time="0.023" /><testcase classname="tests.test_storage_api" name="test_role_tenant_and_digest_api" time="0.130" /><testcase classname="tests.test_storage_api" name="test_api_rejects_live_sync_planning" time="0.023" /><testcase classname="tests.test_storage_api" name="test_api_report_headers_and_journal" time="0.084" /><testcase classname="tests.test_storage_api" name="test_html_escaping_and_export" time="0.098" /><testcase classname="tests.test_storage_api" name="test_unicode_bad_credentials_are_denied_not_server_error" time="0.069" /><testcase classname="tests.test_storage_api" name="test_invalid_token_configuration_rejected" time="0.010" /><testcase classname="tests.test_storage_api" name="test_review_unknown_run_is_404" time="0.024" /></testsuite></testsuites>