........................................................................ [ 98%]
.                                                                        [100%]
============================== warnings summary ===============================
.venv\Lib\site-packages\starlette\testclient.py:53
  <repo>\.venv\Lib\site-packages\starlette\testclient.py:53: DeprecationWarning: The anyio.abc.BlockingPortal alias is deprecated, use anyio.from_thread.BlockingPortal instead.
    _PortalFactoryType = Callable[[], AbstractContextManager[anyio.abc.BlockingPortal]]

-- Docs: https://docs.pytest.org/en/stable/how-to/capture-warnings.html
=============================== tests coverage ================================
_______________ coverage: platform win32, python 3.11.9-final-0 _______________

Name                                Stmts   Miss Branch BrPart  Cover   Missing
-------------------------------------------------------------------------------
src\asterion\__init__.py                1      0      0      0   100%
src\asterion\api.py                    99      4     20      0    97%   82-83, 97-98
src\asterion\catalog.py                27      0     12      0   100%
src\asterion\cli.py                    39      1      4      1    95%   48
src\asterion\evidence.py               38      0     10      0   100%
src\asterion\langgraph_runtime.py      40      2      8      2    92%   21, 55
src\asterion\models.py                117      3      8      3    95%   21, 35, 64
src\asterion\planning.py               39      4     10      2    88%   30, 32-34
src\asterion\reporting.py              27      0      2      0   100%
src\asterion\storage.py                84      6     24      3    92%   54, 67-68, 91-93
src\asterion\telemetry.py              27     12      4      2    55%   9, 13-21, 30-31
src\asterion\twin.py                   60      1     26      1    98%   34
src\asterion\workflow.py               82      0     10      0   100%
-------------------------------------------------------------------------------
TOTAL                                 680     33    138     14    94%
Coverage JSON written to file /tmp/asterion-verify/coverage.json
73 passed, 1 warning in 3.16s
